<?xml version="1.0" encoding="UTF-8"?>
<!-- Generated by org.testng.reporters.JUnitXMLReporter -->
<testsuite ignored="0" hostname="DESKTOP-VPQEO95" failures="0" tests="1" name="Test" time="0.05" errors="0" timestamp="2021-10-19T17:04:02 IST">
  <testcase classname="Project1.BaseTest" name="@BeforeClass openBrowser" time="0.007">
    <failure type="java.lang.NullPointerException" message="Cannot invoke &amp;quot;org.openqa.selenium.WebDriver.manage()&amp;quot; because &amp;quot;Project1.BaseTest.driver&amp;quot; is null">
      <![CDATA[java.lang.NullPointerException: Cannot invoke "org.openqa.selenium.WebDriver.manage()" because "Project1.BaseTest.driver" is null
at Project1.BaseTest.openBrowser(BaseTest.java:31)
at java.base/java.util.ArrayList.forEach(ArrayList.java:1511)
... Removed 25 stack frames]]>
    </failure>
  </testcase> <!-- @BeforeClass openBrowser -->
  <testcase classname="Project1.BaseTest" name="@AfterClass closeBrowser" time="-1.634643242098E9">
    <skipped/>
  </testcase> <!-- @AfterClass closeBrowser -->
  <testcase classname="com.actitime.TimeTrack.ValidLoginTest" name="LoginToApp" time="0.0">
    <skipped/>
  </testcase> <!-- LoginToApp -->
</testsuite> <!-- Test -->
